<?xml version="1.0" encoding="UTF-8"?>
<testng-results skipped="0" failed="1" total="1" passed="0">
  <reporter-output>
  </reporter-output>
  <suite name="Default suite" duration-ms="89076" started-at="2013-11-25T09:57:19Z" finished-at="2013-11-25T09:58:48Z">
    <groups>
    </groups>
    <test name="Default test" duration-ms="89076" started-at="2013-11-25T09:57:19Z" finished-at="2013-11-25T09:58:48Z">
      <class name="com.ui.ar.smoketest.KaplanTestClass">
        <test-method status="PASS" signature="setUp()[pri:0, instance:com.ui.ar.smoketest.KaplanTestClass@5fa6e5d5]" name="setUp" is-config="true" duration-ms="24306" started-at="2013-11-25T15:27:19Z" finished-at="2013-11-25T15:27:44Z">
          <reporter-output>
          </reporter-output>
        </test-method> <!-- setUp -->
        <test-method status="FAIL" signature="listEditInstitution()[pri:0, instance:com.ui.ar.smoketest.KaplanTestClass@5fa6e5d5]" name="listEditInstitution" duration-ms="64562" started-at="2013-11-25T15:27:44Z" finished-at="2013-11-25T15:28:48Z">
          <exception class="java.lang.IndexOutOfBoundsException">
            <message>
              <![CDATA[Index: 92, Size: 92]]>
            </message>
            <full-stacktrace>
              <![CDATA[java.lang.IndexOutOfBoundsException: Index: 92, Size: 92
	at java.util.ArrayList.rangeCheck(Unknown Source)
	at java.util.ArrayList.get(Unknown Source)
	at com.ui.ar.pages.ListEditInstitution.searchInstitution(ListEditInstitution.java:62)
	at com.ui.ar.smoketest.KaplanTestClass.listEditInstitution(KaplanTestClass.java:164)
	at sun.reflect.NativeMethodAccessorImpl.invoke0(Native Method)
	at sun.reflect.NativeMethodAccessorImpl.invoke(Unknown Source)
	at sun.reflect.DelegatingMethodAccessorImpl.invoke(Unknown Source)
	at java.lang.reflect.Method.invoke(Unknown Source)
	at org.testng.internal.MethodInvocationHelper.invokeMethod(MethodInvocationHelper.java:84)
	at org.testng.internal.Invoker.invokeMethod(Invoker.java:714)
	at org.testng.internal.Invoker.invokeTestMethod(Invoker.java:901)
	at org.testng.internal.Invoker.invokeTestMethods(Invoker.java:1231)
	at org.testng.internal.TestMethodWorker.invokeTestMethods(TestMethodWorker.java:127)
	at org.testng.internal.TestMethodWorker.run(TestMethodWorker.java:111)
	at org.testng.TestRunner.privateRun(TestRunner.java:767)
	at org.testng.TestRunner.run(TestRunner.java:617)
	at org.testng.SuiteRunner.runTest(SuiteRunner.java:334)
	at org.testng.SuiteRunner.runSequentially(SuiteRunner.java:329)
	at org.testng.SuiteRunner.privateRun(SuiteRunner.java:291)
	at org.testng.SuiteRunner.run(SuiteRunner.java:240)
	at org.testng.SuiteRunnerWorker.runSuite(SuiteRunnerWorker.java:52)
	at org.testng.SuiteRunnerWorker.run(SuiteRunnerWorker.java:86)
	at org.testng.TestNG.runSuitesSequentially(TestNG.java:1224)
	at org.testng.TestNG.runSuitesLocally(TestNG.java:1149)
	at org.testng.TestNG.run(TestNG.java:1057)
	at org.testng.remote.RemoteTestNG.run(RemoteTestNG.java:111)
	at org.testng.remote.RemoteTestNG.initAndRun(RemoteTestNG.java:204)
	at org.testng.remote.RemoteTestNG.main(RemoteTestNG.java:175)
]]>
            </full-stacktrace>
          </exception> <!-- java.lang.IndexOutOfBoundsException -->
          <reporter-output>
          </reporter-output>
        </test-method> <!-- listEditInstitution -->
        <test-method status="PASS" signature="tearDown()[pri:0, instance:com.ui.ar.smoketest.KaplanTestClass@5fa6e5d5]" name="tearDown" is-config="true" duration-ms="192" started-at="2013-11-25T15:28:48Z" finished-at="2013-11-25T15:28:48Z">
          <reporter-output>
          </reporter-output>
        </test-method> <!-- tearDown -->
      </class> <!-- com.ui.ar.smoketest.KaplanTestClass -->
    </test> <!-- Default test -->
  </suite> <!-- Default suite -->
</testng-results>
